<?xml version="1.0" encoding="UTF-8" ?>
<testsuite tests="3" failures="0" name="TestSuite" time="215.543" errors="0" skipped="0">
  <properties>
    <property name="java.runtime.name" value="Java(TM) SE Runtime Environment"/>
    <property name="sun.boot.library.path" value="/Library/Java/JavaVirtualMachines/jdk1.8.0_91.jdk/Contents/Home/jre/lib"/>
    <property name="java.vm.version" value="25.91-b14"/>
    <property name="gopherProxySet" value="false"/>
    <property name="java.vm.vendor" value="Oracle Corporation"/>
    <property name="java.vendor.url" value="http://java.oracle.com/"/>
    <property name="path.separator" value=":"/>
    <property name="java.vm.name" value="Java HotSpot(TM) 64-Bit Server VM"/>
    <property name="file.encoding.pkg" value="sun.io"/>
    <property name="user.country" value="CN"/>
    <property name="sun.java.launcher" value="SUN_STANDARD"/>
    <property name="sun.os.patch.level" value="unknown"/>
    <property name="java.vm.specification.name" value="Java Virtual Machine Specification"/>
    <property name="user.dir" value="/project/eclipse/AppAutomationTest"/>
    <property name="java.runtime.version" value="1.8.0_91-b14"/>
    <property name="java.awt.graphicsenv" value="sun.awt.CGraphicsEnvironment"/>
    <property name="basedir" value="/project/eclipse/AppAutomationTest"/>
    <property name="java.endorsed.dirs" value="/Library/Java/JavaVirtualMachines/jdk1.8.0_91.jdk/Contents/Home/jre/lib/endorsed"/>
    <property name="os.arch" value="x86_64"/>
    <property name="surefire.real.class.path" value="/project/eclipse/AppAutomationTest/target/surefire/surefirebooter784016381334796519.jar"/>
    <property name="java.io.tmpdir" value="/var/folders/5h/l2sbx1696rg_nyc9h256n1yw0000gn/T/"/>
    <property name="line.separator" value="
"/>
    <property name="java.vm.specification.vendor" value="Oracle Corporation"/>
    <property name="os.name" value="Mac OS X"/>
    <property name="net.sourceforge.cobertura.datafile" value="target/cobertura/cobertura.ser"/>
    <property name="sun.jnu.encoding" value="UTF-8"/>
    <property name="java.library.path" value="/Users/fujiaxi/Library/Java/Extensions:/Library/Java/Extensions:/Network/Library/Java/Extensions:/System/Library/Java/Extensions:/usr/lib/java:."/>
    <property name="surefire.test.class.path" value="/project/eclipse/AppAutomationTest/target/test-classes:/project/eclipse/AppAutomationTest/target/classes:/project/apache-maven-3.3.9/localRepository/net/sourceforge/jexcelapi/jxl/2.6.12/jxl-2.6.12.jar:/project/apache-maven-3.3.9/localRepository/org/testng/testng/6.8/testng-6.8.jar:/project/apache-maven-3.3.9/localRepository/junit/junit/4.10/junit-4.10.jar:/project/apache-maven-3.3.9/localRepository/org/hamcrest/hamcrest-core/1.1/hamcrest-core-1.1.jar:/project/apache-maven-3.3.9/localRepository/org/beanshell/bsh/2.0b4/bsh-2.0b4.jar:/project/apache-maven-3.3.9/localRepository/com/beust/jcommander/1.27/jcommander-1.27.jar:/project/apache-maven-3.3.9/localRepository/org/apache/httpcomponents/httpclient/4.5.2/httpclient-4.5.2.jar:/project/apache-maven-3.3.9/localRepository/org/apache/httpcomponents/httpcore/4.4.4/httpcore-4.4.4.jar:/project/apache-maven-3.3.9/localRepository/commons-logging/commons-logging/1.2/commons-logging-1.2.jar:/project/apache-maven-3.3.9/localRepository/commons-codec/commons-codec/1.9/commons-codec-1.9.jar:/project/apache-maven-3.3.9/localRepository/org/jsoup/jsoup/1.9.2/jsoup-1.9.2.jar:/project/apache-maven-3.3.9/localRepository/com/alibaba/fastjson/1.2.18/fastjson-1.2.18.jar:/project/apache-maven-3.3.9/localRepository/org/uncommons/reportng/1.1.2/reportng-1.1.2.jar:/project/apache-maven-3.3.9/localRepository/velocity/velocity/1.4/velocity-1.4.jar:/project/apache-maven-3.3.9/localRepository/velocity/velocity-dep/1.4/velocity-dep-1.4.jar:/project/apache-maven-3.3.9/localRepository/com/google/inject/guice/3.0/guice-3.0.jar:/project/apache-maven-3.3.9/localRepository/javax/inject/javax.inject/1/javax.inject-1.jar:/project/apache-maven-3.3.9/localRepository/aopalliance/aopalliance/1.0/aopalliance-1.0.jar:/project/apache-maven-3.3.9/localRepository/com/sikulix/sikulixapi/1.1.0/sikulixapi-1.1.0.jar:/project/apache-maven-3.3.9/localRepository/commons-cli/commons-cli/1.2/commons-cli-1.2.jar:/project/apache-maven-3.3.9/localRepository/org/apache/commons/commons-exec/1.3/commons-exec-1.3.jar:/project/apache-maven-3.3.9/localRepository/com/melloware/jintellitype/1.3.7/jintellitype-1.3.7.jar:/project/apache-maven-3.3.9/localRepository/jxgrabkey/jxgrabkey/1.0/jxgrabkey-1.0.jar:/project/apache-maven-3.3.9/localRepository/org/swinglabs/swing-layout/1.0.3/swing-layout-1.0.3.jar:/project/apache-maven-3.3.9/localRepository/com/nativelibs4java/bridj/0.6.2/bridj-0.6.2.jar:/project/apache-maven-3.3.9/localRepository/com/sikulix/sikulixlibsmac/1.1.0/sikulixlibsmac-1.1.0.jar:/project/apache-maven-3.3.9/localRepository/org/seleniumhq/selenium/selenium-server/2.53.0/selenium-server-2.53.0.jar:/project/apache-maven-3.3.9/localRepository/org/bouncycastle/bcprov-jdk15on/1.48/bcprov-jdk15on-1.48.jar:/project/apache-maven-3.3.9/localRepository/org/bouncycastle/bcpkix-jdk15on/1.48/bcpkix-jdk15on-1.48.jar:/project/apache-maven-3.3.9/localRepository/mx4j/mx4j-tools/3.0.1/mx4j-tools-3.0.1.jar:/project/apache-maven-3.3.9/localRepository/org/seleniumhq/selenium/jetty-repacked/9.2.13.v20150730/jetty-repacked-9.2.13.v20150730.jar:/project/apache-maven-3.3.9/localRepository/javax/servlet/javax.servlet-api/3.1.0/javax.servlet-api-3.1.0.jar:/project/apache-maven-3.3.9/localRepository/org/seleniumhq/selenium/jetty-rc-repacked/5/jetty-rc-repacked-5.jar:/project/apache-maven-3.3.9/localRepository/net/jcip/jcip-annotations/1.0/jcip-annotations-1.0.jar:/project/apache-maven-3.3.9/localRepository/org/seleniumhq/selenium/selenium-java/2.53.0/selenium-java-2.53.0.jar:/project/apache-maven-3.3.9/localRepository/org/seleniumhq/selenium/selenium-chrome-driver/2.53.0/selenium-chrome-driver-2.53.0.jar:/project/apache-maven-3.3.9/localRepository/org/seleniumhq/selenium/selenium-remote-driver/2.53.0/selenium-remote-driver-2.53.0.jar:/project/apache-maven-3.3.9/localRepository/cglib/cglib-nodep/2.1_3/cglib-nodep-2.1_3.jar:/project/apache-maven-3.3.9/localRepository/org/seleniumhq/selenium/selenium-api/2.53.0/selenium-api-2.53.0.jar:/project/apache-maven-3.3.9/localRepository/org/seleniumhq/selenium/selenium-edge-driver/2.53.0/selenium-edge-driver-2.53.0.jar:/project/apache-maven-3.3.9/localRepository/commons-io/commons-io/2.4/commons-io-2.4.jar:/project/apache-maven-3.3.9/localRepository/org/seleniumhq/selenium/selenium-firefox-driver/2.53.0/selenium-firefox-driver-2.53.0.jar:/project/apache-maven-3.3.9/localRepository/org/seleniumhq/selenium/selenium-ie-driver/2.53.0/selenium-ie-driver-2.53.0.jar:/project/apache-maven-3.3.9/localRepository/net/java/dev/jna/jna/4.1.0/jna-4.1.0.jar:/project/apache-maven-3.3.9/localRepository/net/java/dev/jna/jna-platform/4.1.0/jna-platform-4.1.0.jar:/project/apache-maven-3.3.9/localRepository/org/seleniumhq/selenium/selenium-safari-driver/2.53.0/selenium-safari-driver-2.53.0.jar:/project/apache-maven-3.3.9/localRepository/io/netty/netty/3.5.7.Final/netty-3.5.7.Final.jar:/project/apache-maven-3.3.9/localRepository/org/seleniumhq/selenium/selenium-support/2.53.0/selenium-support-2.53.0.jar:/project/apache-maven-3.3.9/localRepository/org/seleniumhq/selenium/selenium-leg-rc/2.53.0/selenium-leg-rc-2.53.0.jar:/project/apache-maven-3.3.9/localRepository/org/yaml/snakeyaml/1.17/snakeyaml-1.17.jar:/project/apache-maven-3.3.9/localRepository/org/apache/xmlbeans/xmlbeans/2.6.0/xmlbeans-2.6.0.jar:/project/apache-maven-3.3.9/localRepository/stax/stax-api/1.0.1/stax-api-1.0.1.jar:/project/apache-maven-3.3.9/localRepository/net/sf/saxon/Saxon-HE/9.7.0-4/Saxon-HE-9.7.0-4.jar:/project/apache-maven-3.3.9/localRepository/org/apache/poi/poi-ooxml-schemas/3.15-beta1/poi-ooxml-schemas-3.15-beta1.jar:/project/apache-maven-3.3.9/localRepository/org/apache/poi/poi-ooxml/3.15-beta1/poi-ooxml-3.15-beta1.jar:/project/apache-maven-3.3.9/localRepository/com/github/virtuald/curvesapi/1.03/curvesapi-1.03.jar:/project/apache-maven-3.3.9/localRepository/org/apache/poi/poi/3.15-beta1/poi-3.15-beta1.jar:/project/apache-maven-3.3.9/localRepository/mysql/mysql-connector-java/5.1.26/mysql-connector-java-5.1.26.jar:/project/apache-maven-3.3.9/localRepository/log4j/log4j/1.2.17/log4j-1.2.17.jar:/project/apache-maven-3.3.9/localRepository/org/jyaml/jyaml/1.3/jyaml-1.3.jar:/project/apache-maven-3.3.9/localRepository/jaxen/jaxen/1.1.6/jaxen-1.1.6.jar:/project/apache-maven-3.3.9/localRepository/dom4j/dom4j/1.6.1/dom4j-1.6.1.jar:/project/apache-maven-3.3.9/localRepository/xml-apis/xml-apis/1.0.b2/xml-apis-1.0.b2.jar:/project/apache-maven-3.3.9/localRepository/io/appium/java-client/3.4.1/java-client-3.4.1.jar:/project/apache-maven-3.3.9/localRepository/com/google/code/gson/gson/2.6.2/gson-2.6.2.jar:/project/apache-maven-3.3.9/localRepository/com/google/guava/guava/19.0/guava-19.0.jar:/project/apache-maven-3.3.9/localRepository/cglib/cglib/3.2.1/cglib-3.2.1.jar:/project/apache-maven-3.3.9/localRepository/org/ow2/asm/asm/5.0.3/asm-5.0.3.jar:/project/apache-maven-3.3.9/localRepository/org/apache/ant/ant/1.9.4/ant-1.9.4.jar:/project/apache-maven-3.3.9/localRepository/org/apache/ant/ant-launcher/1.9.4/ant-launcher-1.9.4.jar:/project/apache-maven-3.3.9/localRepository/commons-validator/commons-validator/1.5.0/commons-validator-1.5.0.jar:/project/apache-maven-3.3.9/localRepository/commons-beanutils/commons-beanutils/1.9.2/commons-beanutils-1.9.2.jar:/project/apache-maven-3.3.9/localRepository/commons-digester/commons-digester/1.8.1/commons-digester-1.8.1.jar:/project/apache-maven-3.3.9/localRepository/commons-collections/commons-collections/3.2.2/commons-collections-3.2.2.jar:/project/apache-maven-3.3.9/localRepository/org/apache/commons/commons-lang3/3.4/commons-lang3-3.4.jar:/project/apache-maven-3.3.9/localRepository/net/sf/opencsv/opencsv/2.3/opencsv-2.3.jar:"/>
    <property name="java.specification.name" value="Java Platform API Specification"/>
    <property name="java.class.version" value="52.0"/>
    <property name="sun.management.compiler" value="HotSpot 64-Bit Tiered Compilers"/>
    <property name="os.version" value="10.12.3"/>
    <property name="http.nonProxyHosts" value="local|*.local|169.254/16|*.169.254/16"/>
    <property name="user.home" value="/Users/fujiaxi"/>
    <property name="user.timezone" value="Asia/Shanghai"/>
    <property name="java.awt.printerjob" value="sun.lwawt.macosx.CPrinterJob"/>
    <property name="java.specification.version" value="1.8"/>
    <property name="file.encoding" value="UTF-8"/>
    <property name="user.name" value="fujiaxi"/>
    <property name="java.class.path" value="/project/eclipse/AppAutomationTest/target/test-classes:/project/eclipse/AppAutomationTest/target/classes:/project/apache-maven-3.3.9/localRepository/net/sourceforge/jexcelapi/jxl/2.6.12/jxl-2.6.12.jar:/project/apache-maven-3.3.9/localRepository/org/testng/testng/6.8/testng-6.8.jar:/project/apache-maven-3.3.9/localRepository/junit/junit/4.10/junit-4.10.jar:/project/apache-maven-3.3.9/localRepository/org/hamcrest/hamcrest-core/1.1/hamcrest-core-1.1.jar:/project/apache-maven-3.3.9/localRepository/org/beanshell/bsh/2.0b4/bsh-2.0b4.jar:/project/apache-maven-3.3.9/localRepository/com/beust/jcommander/1.27/jcommander-1.27.jar:/project/apache-maven-3.3.9/localRepository/org/apache/httpcomponents/httpclient/4.5.2/httpclient-4.5.2.jar:/project/apache-maven-3.3.9/localRepository/org/apache/httpcomponents/httpcore/4.4.4/httpcore-4.4.4.jar:/project/apache-maven-3.3.9/localRepository/commons-logging/commons-logging/1.2/commons-logging-1.2.jar:/project/apache-maven-3.3.9/localRepository/commons-codec/commons-codec/1.9/commons-codec-1.9.jar:/project/apache-maven-3.3.9/localRepository/org/jsoup/jsoup/1.9.2/jsoup-1.9.2.jar:/project/apache-maven-3.3.9/localRepository/com/alibaba/fastjson/1.2.18/fastjson-1.2.18.jar:/project/apache-maven-3.3.9/localRepository/org/uncommons/reportng/1.1.2/reportng-1.1.2.jar:/project/apache-maven-3.3.9/localRepository/velocity/velocity/1.4/velocity-1.4.jar:/project/apache-maven-3.3.9/localRepository/velocity/velocity-dep/1.4/velocity-dep-1.4.jar:/project/apache-maven-3.3.9/localRepository/com/google/inject/guice/3.0/guice-3.0.jar:/project/apache-maven-3.3.9/localRepository/javax/inject/javax.inject/1/javax.inject-1.jar:/project/apache-maven-3.3.9/localRepository/aopalliance/aopalliance/1.0/aopalliance-1.0.jar:/project/apache-maven-3.3.9/localRepository/com/sikulix/sikulixapi/1.1.0/sikulixapi-1.1.0.jar:/project/apache-maven-3.3.9/localRepository/commons-cli/commons-cli/1.2/commons-cli-1.2.jar:/project/apache-maven-3.3.9/localRepository/org/apache/commons/commons-exec/1.3/commons-exec-1.3.jar:/project/apache-maven-3.3.9/localRepository/com/melloware/jintellitype/1.3.7/jintellitype-1.3.7.jar:/project/apache-maven-3.3.9/localRepository/jxgrabkey/jxgrabkey/1.0/jxgrabkey-1.0.jar:/project/apache-maven-3.3.9/localRepository/org/swinglabs/swing-layout/1.0.3/swing-layout-1.0.3.jar:/project/apache-maven-3.3.9/localRepository/com/nativelibs4java/bridj/0.6.2/bridj-0.6.2.jar:/project/apache-maven-3.3.9/localRepository/com/sikulix/sikulixlibsmac/1.1.0/sikulixlibsmac-1.1.0.jar:/project/apache-maven-3.3.9/localRepository/org/seleniumhq/selenium/selenium-server/2.53.0/selenium-server-2.53.0.jar:/project/apache-maven-3.3.9/localRepository/org/bouncycastle/bcprov-jdk15on/1.48/bcprov-jdk15on-1.48.jar:/project/apache-maven-3.3.9/localRepository/org/bouncycastle/bcpkix-jdk15on/1.48/bcpkix-jdk15on-1.48.jar:/project/apache-maven-3.3.9/localRepository/mx4j/mx4j-tools/3.0.1/mx4j-tools-3.0.1.jar:/project/apache-maven-3.3.9/localRepository/org/seleniumhq/selenium/jetty-repacked/9.2.13.v20150730/jetty-repacked-9.2.13.v20150730.jar:/project/apache-maven-3.3.9/localRepository/javax/servlet/javax.servlet-api/3.1.0/javax.servlet-api-3.1.0.jar:/project/apache-maven-3.3.9/localRepository/org/seleniumhq/selenium/jetty-rc-repacked/5/jetty-rc-repacked-5.jar:/project/apache-maven-3.3.9/localRepository/net/jcip/jcip-annotations/1.0/jcip-annotations-1.0.jar:/project/apache-maven-3.3.9/localRepository/org/seleniumhq/selenium/selenium-java/2.53.0/selenium-java-2.53.0.jar:/project/apache-maven-3.3.9/localRepository/org/seleniumhq/selenium/selenium-chrome-driver/2.53.0/selenium-chrome-driver-2.53.0.jar:/project/apache-maven-3.3.9/localRepository/org/seleniumhq/selenium/selenium-remote-driver/2.53.0/selenium-remote-driver-2.53.0.jar:/project/apache-maven-3.3.9/localRepository/cglib/cglib-nodep/2.1_3/cglib-nodep-2.1_3.jar:/project/apache-maven-3.3.9/localRepository/org/seleniumhq/selenium/selenium-api/2.53.0/selenium-api-2.53.0.jar:/project/apache-maven-3.3.9/localRepository/org/seleniumhq/selenium/selenium-edge-driver/2.53.0/selenium-edge-driver-2.53.0.jar:/project/apache-maven-3.3.9/localRepository/commons-io/commons-io/2.4/commons-io-2.4.jar:/project/apache-maven-3.3.9/localRepository/org/seleniumhq/selenium/selenium-firefox-driver/2.53.0/selenium-firefox-driver-2.53.0.jar:/project/apache-maven-3.3.9/localRepository/org/seleniumhq/selenium/selenium-ie-driver/2.53.0/selenium-ie-driver-2.53.0.jar:/project/apache-maven-3.3.9/localRepository/net/java/dev/jna/jna/4.1.0/jna-4.1.0.jar:/project/apache-maven-3.3.9/localRepository/net/java/dev/jna/jna-platform/4.1.0/jna-platform-4.1.0.jar:/project/apache-maven-3.3.9/localRepository/org/seleniumhq/selenium/selenium-safari-driver/2.53.0/selenium-safari-driver-2.53.0.jar:/project/apache-maven-3.3.9/localRepository/io/netty/netty/3.5.7.Final/netty-3.5.7.Final.jar:/project/apache-maven-3.3.9/localRepository/org/seleniumhq/selenium/selenium-support/2.53.0/selenium-support-2.53.0.jar:/project/apache-maven-3.3.9/localRepository/org/seleniumhq/selenium/selenium-leg-rc/2.53.0/selenium-leg-rc-2.53.0.jar:/project/apache-maven-3.3.9/localRepository/org/yaml/snakeyaml/1.17/snakeyaml-1.17.jar:/project/apache-maven-3.3.9/localRepository/org/apache/xmlbeans/xmlbeans/2.6.0/xmlbeans-2.6.0.jar:/project/apache-maven-3.3.9/localRepository/stax/stax-api/1.0.1/stax-api-1.0.1.jar:/project/apache-maven-3.3.9/localRepository/net/sf/saxon/Saxon-HE/9.7.0-4/Saxon-HE-9.7.0-4.jar:/project/apache-maven-3.3.9/localRepository/org/apache/poi/poi-ooxml-schemas/3.15-beta1/poi-ooxml-schemas-3.15-beta1.jar:/project/apache-maven-3.3.9/localRepository/org/apache/poi/poi-ooxml/3.15-beta1/poi-ooxml-3.15-beta1.jar:/project/apache-maven-3.3.9/localRepository/com/github/virtuald/curvesapi/1.03/curvesapi-1.03.jar:/project/apache-maven-3.3.9/localRepository/org/apache/poi/poi/3.15-beta1/poi-3.15-beta1.jar:/project/apache-maven-3.3.9/localRepository/mysql/mysql-connector-java/5.1.26/mysql-connector-java-5.1.26.jar:/project/apache-maven-3.3.9/localRepository/log4j/log4j/1.2.17/log4j-1.2.17.jar:/project/apache-maven-3.3.9/localRepository/org/jyaml/jyaml/1.3/jyaml-1.3.jar:/project/apache-maven-3.3.9/localRepository/jaxen/jaxen/1.1.6/jaxen-1.1.6.jar:/project/apache-maven-3.3.9/localRepository/dom4j/dom4j/1.6.1/dom4j-1.6.1.jar:/project/apache-maven-3.3.9/localRepository/xml-apis/xml-apis/1.0.b2/xml-apis-1.0.b2.jar:/project/apache-maven-3.3.9/localRepository/io/appium/java-client/3.4.1/java-client-3.4.1.jar:/project/apache-maven-3.3.9/localRepository/com/google/code/gson/gson/2.6.2/gson-2.6.2.jar:/project/apache-maven-3.3.9/localRepository/com/google/guava/guava/19.0/guava-19.0.jar:/project/apache-maven-3.3.9/localRepository/cglib/cglib/3.2.1/cglib-3.2.1.jar:/project/apache-maven-3.3.9/localRepository/org/ow2/asm/asm/5.0.3/asm-5.0.3.jar:/project/apache-maven-3.3.9/localRepository/org/apache/ant/ant/1.9.4/ant-1.9.4.jar:/project/apache-maven-3.3.9/localRepository/org/apache/ant/ant-launcher/1.9.4/ant-launcher-1.9.4.jar:/project/apache-maven-3.3.9/localRepository/commons-validator/commons-validator/1.5.0/commons-validator-1.5.0.jar:/project/apache-maven-3.3.9/localRepository/commons-beanutils/commons-beanutils/1.9.2/commons-beanutils-1.9.2.jar:/project/apache-maven-3.3.9/localRepository/commons-digester/commons-digester/1.8.1/commons-digester-1.8.1.jar:/project/apache-maven-3.3.9/localRepository/commons-collections/commons-collections/3.2.2/commons-collections-3.2.2.jar:/project/apache-maven-3.3.9/localRepository/org/apache/commons/commons-lang3/3.4/commons-lang3-3.4.jar:/project/apache-maven-3.3.9/localRepository/net/sf/opencsv/opencsv/2.3/opencsv-2.3.jar:"/>
    <property name="java.vm.specification.version" value="1.8"/>
    <property name="sun.arch.data.model" value="64"/>
    <property name="java.home" value="/Library/Java/JavaVirtualMachines/jdk1.8.0_91.jdk/Contents/Home/jre"/>
    <property name="sun.java.command" value="/project/eclipse/AppAutomationTest/target/surefire/surefirebooter784016381334796519.jar /project/eclipse/AppAutomationTest/target/surefire/surefire3281080116275668455tmp /project/eclipse/AppAutomationTest/target/surefire/surefire6280295746026152174tmp"/>
    <property name="java.specification.vendor" value="Oracle Corporation"/>
    <property name="user.language" value="zh"/>
    <property name="awt.toolkit" value="sun.lwawt.macosx.LWCToolkit"/>
    <property name="java.vm.info" value="mixed mode"/>
    <property name="java.version" value="1.8.0_91"/>
    <property name="java.ext.dirs" value="/Users/fujiaxi/Library/Java/Extensions:/Library/Java/JavaVirtualMachines/jdk1.8.0_91.jdk/Contents/Home/jre/lib/ext:/Library/Java/Extensions:/Network/Library/Java/Extensions:/System/Library/Java/Extensions:/usr/lib/java"/>
    <property name="sun.boot.class.path" value="/Library/Java/JavaVirtualMachines/jdk1.8.0_91.jdk/Contents/Home/jre/lib/resources.jar:/Library/Java/JavaVirtualMachines/jdk1.8.0_91.jdk/Contents/Home/jre/lib/rt.jar:/Library/Java/JavaVirtualMachines/jdk1.8.0_91.jdk/Contents/Home/jre/lib/sunrsasign.jar:/Library/Java/JavaVirtualMachines/jdk1.8.0_91.jdk/Contents/Home/jre/lib/jsse.jar:/Library/Java/JavaVirtualMachines/jdk1.8.0_91.jdk/Contents/Home/jre/lib/jce.jar:/Library/Java/JavaVirtualMachines/jdk1.8.0_91.jdk/Contents/Home/jre/lib/charsets.jar:/Library/Java/JavaVirtualMachines/jdk1.8.0_91.jdk/Contents/Home/jre/lib/jfr.jar:/Library/Java/JavaVirtualMachines/jdk1.8.0_91.jdk/Contents/Home/jre/classes"/>
    <property name="java.vendor" value="Oracle Corporation"/>
    <property name="localRepository" value="/project/apache-maven-3.3.9/localRepository"/>
    <property name="file.separator" value="/"/>
    <property name="java.vendor.url.bug" value="http://bugreport.sun.com/bugreport/"/>
    <property name="sun.cpu.endian" value="little"/>
    <property name="sun.io.unicode.encoding" value="UnicodeBig"/>
    <property name="sun.font.fontmanager" value="sun.font.CFontManager"/>
    <property name="socksNonProxyHosts" value="local|*.local|169.254/16|*.169.254/16"/>
    <property name="ftp.nonProxyHosts" value="local|*.local|169.254/16|*.169.254/16"/>
    <property name="sun.cpu.isalist" value=""/>
  </properties>
  <testcase classname="com.Pcitc.AppAutomationTest.pagesHelper.TestInit" name="autoTest" time="0.001"/>
  <testcase classname="com.Pcitc.AppAutomationTest.testCases.ESSP_ChaiLvShenQing_Test" name="ESSP_ChaiLvShenQing_ListPage" time="22.558"/>
  <testcase classname="com.Pcitc.AppAutomationTest.testCases.ESSP_ChaiLvShenQing_Test" name="ESSP_ChaiLvShenQing_Details" time="175.825"/>
</testsuite>