<?xml version="1.0" encoding="UTF-8"?>
<!-- Generated by org.testng.reporters.JUnitReportReporter -->
<testsuite hostname="fujiaxideMacBook-Pro.local" name="com.Pcitc.AppAutomationTest.utils.DataProviderTest" tests="1" failures="1" timestamp="17 Feb 2017 11:05:22 GMT" time="0.000" errors="0">
  <testcase name="xmldDataprovider2" time="0.000" classname="com.Pcitc.AppAutomationTest.utils.DataProviderTest">
    <failure type="org.testng.TestNGException" message="
DataProvider should be static: public java.lang.Object[][] com.Pcitc.AppAutomationTest.base.TestBase.providerMethod(java.lang.reflect.Method)">
      <![CDATA[org.testng.TestNGException: 
DataProvider should be static: public java.lang.Object[][] com.Pcitc.AppAutomationTest.base.TestBase.providerMethod(java.lang.reflect.Method)
	at org.testng.internal.Parameters.findDataProvider(Parameters.java:328)
	at org.testng.internal.Parameters.findDataProvider(Parameters.java:262)
	at org.testng.internal.Parameters.handleParameters(Parameters.java:414)
	at org.testng.internal.Invoker.handleParameters(Invoker.java:1383)
	at org.testng.internal.Invoker.createParameters(Invoker.java:1075)
	at org.testng.internal.Invoker.invokeTestMethods(Invoker.java:1180)
	at org.testng.internal.TestMethodWorker.invokeTestMethods(TestMethodWorker.java:127)
	at org.testng.internal.TestMethodWorker.run(TestMethodWorker.java:111)
	at org.testng.TestRunner.privateRun(TestRunner.java:767)
	at org.testng.TestRunner.run(TestRunner.java:617)
	at org.testng.SuiteRunner.runTest(SuiteRunner.java:334)
	at org.testng.SuiteRunner.runSequentially(SuiteRunner.java:329)
	at org.testng.SuiteRunner.privateRun(SuiteRunner.java:291)
	at org.testng.SuiteRunner.run(SuiteRunner.java:240)
	at org.testng.SuiteRunnerWorker.runSuite(SuiteRunnerWorker.java:52)
	at org.testng.SuiteRunnerWorker.run(SuiteRunnerWorker.java:86)
	at org.testng.TestNG.runSuitesSequentially(TestNG.java:1198)
	at org.testng.TestNG.runSuitesLocally(TestNG.java:1123)
	at org.testng.TestNG.run(TestNG.java:1031)
	at org.testng.remote.AbstractRemoteTestNG.run(AbstractRemoteTestNG.java:132)
	at org.testng.remote.RemoteTestNG.initAndRun(RemoteTestNG.java:236)
	at org.testng.remote.RemoteTestNG.main(RemoteTestNG.java:81)
]]>
    </failure>
  </testcase> <!-- xmldDataprovider2 -->
</testsuite> <!-- com.Pcitc.AppAutomationTest.utils.DataProviderTest -->
