<?xml version="1.0" encoding="UTF-8"?>
<!-- Generated by org.testng.reporters.JUnitReportReporter -->
<testsuite hostname="fujiaxideMacBook-Pro.local" name="com.Pcitc.AppAutomationTest.testCases.DengLuTest" tests="1" failures="0" timestamp="21 Feb 2017 04:47:28 GMT" time="25.712" errors="0">
  <testcase name="logIn_rightLogin" time="25.712" classname="com.Pcitc.AppAutomationTest.testCases.DengLuTest"/>
</testsuite> <!-- com.Pcitc.AppAutomationTest.testCases.DengLuTest -->
