<?xml version="1.0" encoding="UTF-8"?>
<!-- Generated by org.testng.reporters.JUnitReportReporter -->
<testsuite hostname="fujiaxideMacBook-Pro.local" name="com.Pcitc.AppAutomationTest.base.TestBase" tests="1" failures="0" timestamp="16 Feb 2017 10:23:35 GMT" time="0.237" errors="0">
  <testcase name="t2" time="0.237" classname="com.Pcitc.AppAutomationTest.base.TestBase"/>
</testsuite> <!-- com.Pcitc.AppAutomationTest.base.TestBase -->
