<?xml version="1.0" encoding="UTF-8"?>
<!-- Generated by org.testng.reporters.JUnitReportReporter -->
<testsuite hostname="fujiaxideMacBook-Pro.local" name="com.Pcitc.AppAutomationTest.utils.TimeString" tests="1" failures="0" timestamp="25 Feb 2017 03:06:43 GMT" time="0.027" errors="0">
  <testcase name="y" time="0.027" classname="com.Pcitc.AppAutomationTest.utils.TimeString"/>
</testsuite> <!-- com.Pcitc.AppAutomationTest.utils.TimeString -->
