<?xml version="1.0" encoding="UTF-8"?>
<!-- Generated by org.testng.reporters.JUnitReportReporter -->
<testsuite hostname="fujiaxideMacBook-Pro.local" name="com.Pcitc.AppAutomationTest.Test.ClassNameTest4" tests="1" failures="0" timestamp="16 Feb 2017 09:26:33 GMT" time="0.097" errors="0">
  <testcase name="t3" time="0.097" classname="com.Pcitc.AppAutomationTest.Test.ClassNameTest4"/>
</testsuite> <!-- com.Pcitc.AppAutomationTest.Test.ClassNameTest4 -->
