<?xml version="1.0" encoding="UTF-8"?>
<!-- Generated by org.testng.reporters.JUnitReportReporter -->
<testsuite hostname="fujiaxideMacBook-Pro.local" name="com.Pcitc.AppAutomationTest.utils.TimeString" tests="1" failures="0" timestamp="23 Feb 2017 09:31:25 GMT" time="0.034" errors="0">
  <testcase name="y" time="0.034" classname="com.Pcitc.AppAutomationTest.utils.TimeString"/>
</testsuite> <!-- com.Pcitc.AppAutomationTest.utils.TimeString -->
