<?xml version="1.0" encoding="UTF-8"?>
<!-- Generated by org.testng.reporters.JUnitReportReporter -->
<testsuite hostname="fujiaxideMacBook-Pro.local" name="com.Pcitc.AppAutomationTest.Test.ClassNameTest" tests="1" failures="0" timestamp="21 Feb 2017 02:56:09 GMT" time="0.088" errors="0">
  <testcase name="t1" time="0.088" classname="com.Pcitc.AppAutomationTest.Test.ClassNameTest"/>
</testsuite> <!-- com.Pcitc.AppAutomationTest.Test.ClassNameTest -->
