<?xml version="1.0" encoding="UTF-8"?>
<!-- Generated by org.testng.reporters.JUnitReportReporter -->
<testsuite hostname="fujiaxideMacBook-Pro.local" name="com.Pcitc.AppAutomationTest.pages.DengLu" tests="1" failures="0" timestamp="16 Feb 2017 10:41:59 GMT" time="15.835" errors="0">
  <testcase name="rightLogin" time="15.835" classname="com.Pcitc.AppAutomationTest.pages.DengLu"/>
</testsuite> <!-- com.Pcitc.AppAutomationTest.pages.DengLu -->
