<?xml version="1.0" encoding="UTF-8"?>
<!-- Generated by org.testng.reporters.JUnitReportReporter -->
<testsuite hostname="fujiaxideMacBook-Pro.local" name="com.Pcitc.AppAutomationTest.Test.ClassNameTest2" tests="1" failures="0" timestamp="15 Feb 2017 09:55:40 GMT" time="0.138" errors="0">
  <testcase name="t2" time="0.138" classname="com.Pcitc.AppAutomationTest.Test.ClassNameTest2"/>
</testsuite> <!-- com.Pcitc.AppAutomationTest.Test.ClassNameTest2 -->
