<?xml version="1.0" encoding="UTF-8"?>
<!-- Generated by org.testng.reporters.JUnitReportReporter -->
<testsuite hostname="fujiaxideMacBook-Pro.local" name="com.Pcitc.AppAutomationTest.utils.ExcelHandle" tests="1" failures="0" timestamp="21 Feb 2017 15:02:38 GMT" time="0.320" errors="0">
  <testcase name="testUpdateExcle" time="0.320" classname="com.Pcitc.AppAutomationTest.utils.ExcelHandle"/>
</testsuite> <!-- com.Pcitc.AppAutomationTest.utils.ExcelHandle -->
