<?xml version="1.0" encoding="UTF-8"?>
<!-- Generated by org.testng.reporters.JUnitReportReporter -->
<testsuite hostname="fujiaxideMacBook-Pro.local" name="com.Pcitc.AppAutomationTest.pagesHelper.TestInit" tests="1" failures="0" timestamp="18 Feb 2017 10:47:01 GMT" time="0.009" errors="0">
  <testcase name="autoTest" time="0.009" classname="com.Pcitc.AppAutomationTest.pagesHelper.TestInit"/>
</testsuite> <!-- com.Pcitc.AppAutomationTest.pagesHelper.TestInit -->
